<?xml version="1.0" encoding="UTF-8"?>
<testsuite name="Title of your feature" tests="1" skipped="0" failures="0" errors="0" timestamp="2020-06-08T19:45:59" hostname="DESKTOP-95SD6QO" time="14.556">
  <properties/>
  <testcase name="Title of your scenario" classname="Title of your feature" time="14.556"/>
  <system-out><![CDATA[The text gotten with the driver is: I am an alert box!
]]></system-out>
  <system-err><![CDATA[jun 08, 2020 2:45:59 PM org.openqa.selenium.remote.DesiredCapabilities chrome
INFORMACIÓN: Using `new ChromeOptions()` is preferred to `DesiredCapabilities.chrome()`
[Test worker] INFO net.serenitybdd.core.webdriver.driverproviders.ProvideNewDriver - Instantiating driver
[Test worker] INFO net.serenitybdd.core.webdriver.driverproviders.ProvideNewDriver - Driver capabilities: Capabilities {acceptInsecureCerts: false, browserName: chrome, chrome.switches: --start-maximized --disable..., goog:chromeOptions: {args: [--start-maximized, --disable-popup-blocking], extensions: []}, loggingPrefs: org.openqa.selenium.logging..., platform: ANY, unexpectedAlertBehaviour: ignore, unhandledPromptBehavior: ignore, version: }
Starting ChromeDriver 81.0.4044.138 (8c6c7ba89cc9453625af54f11fd83179e23450fa-refs/branch-heads/4044@{#999}) on port 36583
Only local connections are allowed.
Please protect ports used by ChromeDriver and related test frameworks to prevent access by malicious code.
jun 08, 2020 2:46:05 PM org.openqa.selenium.remote.ProtocolHandshake createSession
INFORMACIÓN: Detected dialect: W3C
[1591645567.420][SEVERE]: Timed out receiving message from renderer: 0.100
[1591645567.528][SEVERE]: Timed out receiving message from renderer: 0.100
[1591645567.629][SEVERE]: Timed out receiving message from renderer: 0.100
[1591645567.730][SEVERE]: Timed out receiving message from renderer: 0.100
[1591645567.916][SEVERE]: Timed out receiving message from renderer: 0.100
[1591645568.018][SEVERE]: Timed out receiving message from renderer: 0.100
[1591645568.119][SEVERE]: Timed out receiving message from renderer: 0.100
[1591645568.222][SEVERE]: Timed out receiving message from renderer: 0.100
[1591645568.326][SEVERE]: Timed out receiving message from renderer: 0.100
[1591645568.428][SEVERE]: Timed out receiving message from renderer: 0.100
[1591645568.636][SEVERE]: Timed out receiving message from renderer: 0.100
[1591645569.047][SEVERE]: Timed out receiving message from renderer: 0.100
[1591645569.148][SEVERE]: Timed out receiving message from renderer: 0.100
[1591645569.250][SEVERE]: Timed out receiving message from renderer: 0.100
[1591645569.351][SEVERE]: Timed out receiving message from renderer: 0.100
[1591645569.452][SEVERE]: Timed out receiving message from renderer: 0.100
[1591645569.553][SEVERE]: Timed out receiving message from renderer: 0.100
[1591645569.654][SEVERE]: Timed out receiving message from renderer: 0.100
[1591645569.757][SEVERE]: Timed out receiving message from renderer: 0.100
[1591645569.859][SEVERE]: Timed out receiving message from renderer: 0.100
[1591645569.961][SEVERE]: Timed out receiving message from renderer: 0.100
[1591645570.062][SEVERE]: Timed out receiving message from renderer: 0.100
[1591645570.163][SEVERE]: Timed out receiving message from renderer: 0.100
[1591645570.265][SEVERE]: Timed out receiving message from renderer: 0.100
[1591645570.366][SEVERE]: Timed out receiving message from renderer: 0.100
[1591645570.467][SEVERE]: Timed out receiving message from renderer: 0.100
[1591645570.574][SEVERE]: Timed out receiving message from renderer: 0.100
[1591645570.675][SEVERE]: Timed out receiving message from renderer: 0.100
[1591645570.777][SEVERE]: Timed out receiving message from renderer: 0.100
[1591645570.878][SEVERE]: Timed out receiving message from renderer: 0.100
[1591645570.981][SEVERE]: Timed out receiving message from renderer: 0.100
[1591645571.082][SEVERE]: Timed out receiving message from renderer: 0.100
[1591645571.183][SEVERE]: Timed out receiving message from renderer: 0.100
[1591645571.284][SEVERE]: Timed out receiving message from renderer: 0.100
[Test worker] INFO net.thucydides.core.steps.ConsoleLoggingListener - 
        __    _____ _____ ____ _____   ____   _    ____  ____  _____ ____  
  _     \ \  |_   _| ____/ ___|_   _| |  _ \ / \  / ___|/ ___|| ____|  _ \ 
 (_)_____| |   | | |  _| \___ \ | |   | |_) / _ \ \___ \\___ \|  _| | | | |
  _|_____| |   | | | |___ ___) || |   |  __/ ___ \ ___) |___) | |___| |_| |
 (_)     | |   |_| |_____|____/ |_|   |_| /_/   \_\____/|____/|_____|____/ 
        /_/                                                                

TEST PASSED: Title of your scenario
----------------------------------------------------------------------------
]]></system-err>
</testsuite>
