<?xml version="1.0" encoding="UTF-8"?>
<testsuite name="Registrar Usuario" tests="1" skipped="0" failures="0" errors="0" timestamp="2020-06-08T19:47:34" hostname="DESKTOP-95SD6QO" time="11.701">
  <properties/>
  <testcase name="Registro de usuario exitoso" classname="Registrar Usuario" time="11.701"/>
  <system-out><![CDATA[]]></system-out>
  <system-err><![CDATA[jun 08, 2020 2:47:34 PM org.openqa.selenium.remote.DesiredCapabilities chrome
INFORMACIÓN: Using `new ChromeOptions()` is preferred to `DesiredCapabilities.chrome()`
[Test worker] INFO net.serenitybdd.core.webdriver.driverproviders.ProvideNewDriver - Instantiating driver
[Test worker] INFO net.serenitybdd.core.webdriver.driverproviders.ProvideNewDriver - Driver capabilities: Capabilities {acceptInsecureCerts: false, browserName: chrome, chrome.switches: --start-maximized --disable..., goog:chromeOptions: {args: [--start-maximized, --disable-popup-blocking], extensions: []}, loggingPrefs: org.openqa.selenium.logging..., platform: ANY, unexpectedAlertBehaviour: ignore, unhandledPromptBehavior: ignore, version: }
Starting ChromeDriver 81.0.4044.138 (8c6c7ba89cc9453625af54f11fd83179e23450fa-refs/branch-heads/4044@{#999}) on port 14716
Only local connections are allowed.
Please protect ports used by ChromeDriver and related test frameworks to prevent access by malicious code.
jun 08, 2020 2:47:38 PM org.openqa.selenium.remote.ProtocolHandshake createSession
INFORMACIÓN: Detected dialect: W3C
[1591645658.833][SEVERE]: Timed out receiving message from renderer: 0.100
[1591645659.092][SEVERE]: Timed out receiving message from renderer: 0.100
[1591645659.193][SEVERE]: Timed out receiving message from renderer: 0.100
[1591645659.295][SEVERE]: Timed out receiving message from renderer: 0.100
[1591645659.396][SEVERE]: Timed out receiving message from renderer: 0.100
[1591645660.455][SEVERE]: Timed out receiving message from renderer: 0.100
[1591645660.663][SEVERE]: Timed out receiving message from renderer: 0.100
[1591645660.764][SEVERE]: Timed out receiving message from renderer: 0.100
[1591645660.866][SEVERE]: Timed out receiving message from renderer: 0.100
[1591645660.974][SEVERE]: Timed out receiving message from renderer: 0.100
[1591645661.076][SEVERE]: Timed out receiving message from renderer: 0.100
[1591645661.178][SEVERE]: Timed out receiving message from renderer: 0.100
[1591645661.287][SEVERE]: Timed out receiving message from renderer: 0.100
[1591645661.389][SEVERE]: Timed out receiving message from renderer: 0.100
[1591645661.563][SEVERE]: Timed out receiving message from renderer: 0.100
[1591645661.744][SEVERE]: Timed out receiving message from renderer: 0.100
[1591645661.845][SEVERE]: Timed out receiving message from renderer: 0.100
[1591645661.946][SEVERE]: Timed out receiving message from renderer: 0.100
[Test worker] INFO net.thucydides.core.steps.ConsoleLoggingListener - 
        __    _____ _____ ____ _____   ____   _    ____  ____  _____ ____  
  _     \ \  |_   _| ____/ ___|_   _| |  _ \ / \  / ___|/ ___|| ____|  _ \ 
 (_)_____| |   | | |  _| \___ \ | |   | |_) / _ \ \___ \\___ \|  _| | | | |
  _|_____| |   | | | |___ ___) || |   |  __/ ___ \ ___) |___) | |___| |_| |
 (_)     | |   |_| |_____|____/ |_|   |_| /_/   \_\____/|____/|_____|____/ 
        /_/                                                                

TEST PASSED: Registro de usuario exitoso
----------------------------------------------------------------------------
]]></system-err>
</testsuite>
