<?xml version="1.0" encoding="UTF-8"?>
<testsuite name="Iniciar Sesion" tests="2" skipped="0" failures="0" errors="0" timestamp="2020-06-08T19:45:59" hostname="DESKTOP-95SD6QO" time="93.515">
  <properties/>
  <testcase name="Inicio de sesion exitoso" classname="Iniciar Sesion" time="26.149"/>
  <testcase name="Inicio de sesion exitoso segundo" classname="Iniciar Sesion" time="67.355"/>
  <system-out><![CDATA[]]></system-out>
  <system-err><![CDATA[jun 08, 2020 2:45:59 PM org.openqa.selenium.remote.DesiredCapabilities chrome
INFORMACIÓN: Using `new ChromeOptions()` is preferred to `DesiredCapabilities.chrome()`
[Test worker] INFO net.serenitybdd.core.webdriver.driverproviders.ProvideNewDriver - Instantiating driver
[Test worker] INFO net.serenitybdd.core.webdriver.driverproviders.ProvideNewDriver - Driver capabilities: Capabilities {acceptInsecureCerts: false, browserName: chrome, chrome.switches: --start-maximized --disable..., goog:chromeOptions: {args: [--start-maximized, --disable-popup-blocking], extensions: []}, loggingPrefs: org.openqa.selenium.logging..., platform: ANY, unexpectedAlertBehaviour: ignore, unhandledPromptBehavior: ignore, version: }
Starting ChromeDriver 81.0.4044.138 (8c6c7ba89cc9453625af54f11fd83179e23450fa-refs/branch-heads/4044@{#999}) on port 39403
Only local connections are allowed.
Please protect ports used by ChromeDriver and related test frameworks to prevent access by malicious code.
jun 08, 2020 2:46:05 PM org.openqa.selenium.remote.ProtocolHandshake createSession
INFORMACIÓN: Detected dialect: W3C
[1591645566.597][SEVERE]: Timed out receiving message from renderer: 0.100
[1591645566.697][SEVERE]: Timed out receiving message from renderer: 0.100
[1591645566.799][SEVERE]: Timed out receiving message from renderer: 0.100
[1591645566.900][SEVERE]: Timed out receiving message from renderer: 0.100
[1591645567.001][SEVERE]: Timed out receiving message from renderer: 0.100
[1591645567.104][SEVERE]: Timed out receiving message from renderer: 0.100
[1591645567.206][SEVERE]: Timed out receiving message from renderer: 0.100
[1591645567.313][SEVERE]: Timed out receiving message from renderer: 0.100
[1591645567.418][SEVERE]: Timed out receiving message from renderer: 0.100
[1591645583.996][SEVERE]: Timed out receiving message from renderer: 0.100
[Test worker] INFO net.thucydides.core.steps.ConsoleLoggingListener - 
        __    _____ _____ ____ _____   ____   _    ____  ____  _____ ____  
  _     \ \  |_   _| ____/ ___|_   _| |  _ \ / \  / ___|/ ___|| ____|  _ \ 
 (_)_____| |   | | |  _| \___ \ | |   | |_) / _ \ \___ \\___ \|  _| | | | |
  _|_____| |   | | | |___ ___) || |   |  __/ ___ \ ___) |___) | |___| |_| |
 (_)     | |   |_| |_____|____/ |_|   |_| /_/   \_\____/|____/|_____|____/ 
        /_/                                                                

TEST PASSED: Inicio de sesion exitoso
----------------------------------------------------------------------------
jun 08, 2020 2:46:25 PM org.openqa.selenium.remote.DesiredCapabilities chrome
INFORMACIÓN: Using `new ChromeOptions()` is preferred to `DesiredCapabilities.chrome()`
[Test worker] INFO net.serenitybdd.core.webdriver.driverproviders.ProvideNewDriver - Instantiating driver
[Test worker] INFO net.serenitybdd.core.webdriver.driverproviders.ProvideNewDriver - Driver capabilities: Capabilities {acceptInsecureCerts: false, browserName: chrome, chrome.switches: --start-maximized --disable..., goog:chromeOptions: {args: [--start-maximized, --disable-popup-blocking], extensions: []}, loggingPrefs: org.openqa.selenium.logging..., platform: ANY, unexpectedAlertBehaviour: ignore, unhandledPromptBehavior: ignore, version: }
Starting ChromeDriver 81.0.4044.138 (8c6c7ba89cc9453625af54f11fd83179e23450fa-refs/branch-heads/4044@{#999}) on port 21670
Only local connections are allowed.
Please protect ports used by ChromeDriver and related test frameworks to prevent access by malicious code.
jun 08, 2020 2:46:29 PM org.openqa.selenium.remote.ProtocolHandshake createSession
INFORMACIÓN: Detected dialect: W3C
[1591645590.151][SEVERE]: Timed out receiving message from renderer: 0.100
[1591645590.252][SEVERE]: Timed out receiving message from renderer: 0.100
[1591645590.355][SEVERE]: Timed out receiving message from renderer: 0.100
[1591645590.526][SEVERE]: Timed out receiving message from renderer: 0.100
[1591645590.627][SEVERE]: Timed out receiving message from renderer: 0.100
[1591645590.728][SEVERE]: Timed out receiving message from renderer: 0.100
[1591645590.829][SEVERE]: Timed out receiving message from renderer: 0.100
[1591645590.930][SEVERE]: Timed out receiving message from renderer: 0.100
[1591645591.092][SEVERE]: Timed out receiving message from renderer: 0.100
[1591645591.194][SEVERE]: Timed out receiving message from renderer: 0.100
[1591645591.297][SEVERE]: Timed out receiving message from renderer: 0.100
[1591645591.399][SEVERE]: Timed out receiving message from renderer: 0.100
[1591645591.500][SEVERE]: Timed out receiving message from renderer: 0.100
[1591645591.602][SEVERE]: Timed out receiving message from renderer: 0.100
[1591645651.408][SEVERE]: Timed out receiving message from renderer: 0.100
[Test worker] INFO net.thucydides.core.steps.ConsoleLoggingListener - 
        __    _____ _____ ____ _____   ____   _    ____  ____  _____ ____  
  _     \ \  |_   _| ____/ ___|_   _| |  _ \ / \  / ___|/ ___|| ____|  _ \ 
 (_)_____| |   | | |  _| \___ \ | |   | |_) / _ \ \___ \\___ \|  _| | | | |
  _|_____| |   | | | |___ ___) || |   |  __/ ___ \ ___) |___) | |___| |_| |
 (_)     | |   |_| |_____|____/ |_|   |_| /_/   \_\____/|____/|_____|____/ 
        /_/                                                                

TEST PASSED: Inicio de sesion exitoso segundo
----------------------------------------------------------------------------
]]></system-err>
</testsuite>
